2020-07-29 10:31:58,976 urllib3.connectionpool DEBUG  Starting new HTTPS connection (1): goodinfo.tw:443
2020-07-29 10:31:59,648 urllib3.connectionpool DEBUG  https://goodinfo.tw:443 "GET /StockInfo/StockDividendSchedule.asp?STOCK_ID=1264 HTTP/1.1" 200 9443
2020-07-29 10:33:13,996 __main__   INFO   0050 已存在
2020-07-29 10:33:13,996 __main__   INFO   0051 已存在
2020-07-29 10:33:13,996 __main__   INFO   0052 已存在
2020-07-29 10:33:13,997 __main__   INFO   0053 已存在
2020-07-29 10:33:13,997 __main__   INFO   0054 已存在
2020-07-29 10:33:13,997 __main__   INFO   0055 已存在
2020-07-29 10:33:13,998 __main__   INFO   0056 已存在
2020-07-29 10:33:13,998 __main__   INFO   0057 已存在
2020-07-29 10:33:13,999 __main__   INFO   0058 已存在
2020-07-29 10:33:13,999 __main__   INFO   0059 已存在
2020-07-29 10:33:13,999 __main__   INFO   0061 已存在
2020-07-29 10:33:14,000 __main__   INFO   006203 已存在
2020-07-29 10:33:14,000 __main__   INFO   006204 已存在
2020-07-29 10:33:14,000 __main__   INFO   006205 已存在
2020-07-29 10:33:14,001 __main__   INFO   006206 已存在
2020-07-29 10:33:14,001 __main__   INFO   006207 已存在
2020-07-29 10:33:14,001 __main__   INFO   006208 已存在
2020-07-29 10:33:14,001 __main__   INFO   00625K 已存在
2020-07-29 10:33:14,002 __main__   INFO   00631L 已存在
2020-07-29 10:33:14,002 __main__   INFO   00632R 已存在
2020-07-29 10:33:14,002 __main__   INFO   00633L 已存在
2020-07-29 10:33:14,003 __main__   INFO   00634R 已存在
2020-07-29 10:33:14,003 __main__   INFO   00635U 已存在
2020-07-29 10:33:14,003 __main__   INFO   00636 已存在
2020-07-29 10:33:14,004 __main__   INFO   00636K 已存在
2020-07-29 10:33:14,004 __main__   INFO   00637L 已存在
2020-07-29 10:33:14,004 __main__   INFO   00638R 已存在
2020-07-29 10:33:14,004 __main__   INFO   00639 已存在
2020-07-29 10:33:14,004 __main__   INFO   00640L 已存在
2020-07-29 10:33:14,005 __main__   INFO   00641R 已存在
2020-07-29 10:33:14,005 __main__   INFO   00642U 已存在
2020-07-29 10:33:14,005 __main__   INFO   00643 已存在
2020-07-29 10:33:14,006 __main__   INFO   00643K 已存在
2020-07-29 10:33:14,006 __main__   INFO   00645 已存在
2020-07-29 10:33:14,006 __main__   INFO   00646 已存在
2020-07-29 10:33:14,007 __main__   INFO   00647L 已存在
2020-07-29 10:33:14,007 __main__   INFO   00648R 已存在
2020-07-29 10:33:14,007 __main__   INFO   00649 已存在
2020-07-29 10:33:14,007 __main__   INFO   00650L 已存在
2020-07-29 10:33:14,008 __main__   INFO   00651R 已存在
2020-07-29 10:33:14,008 __main__   INFO   00652 已存在
2020-07-29 10:33:14,008 __main__   INFO   00653L 已存在
2020-07-29 10:33:14,008 __main__   INFO   00654R 已存在
2020-07-29 10:33:14,009 __main__   INFO   00655L 已存在
2020-07-29 10:33:14,009 __main__   INFO   00656R 已存在
2020-07-29 10:33:14,009 __main__   INFO   00657 已存在
2020-07-29 10:33:14,009 __main__   INFO   00657K 已存在
2020-07-29 10:33:14,010 __main__   INFO   00658L 已存在
2020-07-29 10:33:14,010 __main__   INFO   00659R 已存在
2020-07-29 10:33:14,010 __main__   INFO   00660 已存在
2020-07-29 10:33:14,010 __main__   INFO   00661 已存在
2020-07-29 10:33:14,011 __main__   INFO   00662 已存在
2020-07-29 10:33:14,011 __main__   INFO   00663L 已存在
2020-07-29 10:33:14,011 __main__   INFO   00664R 已存在
2020-07-29 10:33:14,011 __main__   INFO   00665L 已存在
2020-07-29 10:33:14,012 __main__   INFO   00666R 已存在
2020-07-29 10:33:14,012 __main__   INFO   00667 已存在
2020-07-29 10:33:14,012 __main__   INFO   00668 已存在
2020-07-29 10:33:14,012 __main__   INFO   00668K 已存在
2020-07-29 10:33:14,013 __main__   INFO   00669R 已存在
2020-07-29 10:33:14,013 __main__   INFO   00670L 已存在
2020-07-29 10:33:14,013 __main__   INFO   00671R 已存在
2020-07-29 10:33:14,013 __main__   INFO   00672L 已存在
2020-07-29 10:33:14,014 __main__   INFO   00673R 已存在
2020-07-29 10:33:14,014 __main__   INFO   00674R 已存在
2020-07-29 10:33:14,014 __main__   INFO   00675L 已存在
2020-07-29 10:33:14,015 __main__   INFO   00676R 已存在
2020-07-29 10:33:14,015 __main__   INFO   00677U 已存在
2020-07-29 10:33:14,015 __main__   INFO   00678 已存在
2020-07-29 10:33:14,015 __main__   INFO   00680L 已存在
2020-07-29 10:33:14,016 __main__   INFO   00681R 已存在
2020-07-29 10:33:14,016 __main__   INFO   00682U 已存在
2020-07-29 10:33:14,016 __main__   INFO   00683L 已存在
2020-07-29 10:33:14,016 __main__   INFO   00684R 已存在
2020-07-29 10:33:14,017 __main__   INFO   00685L 已存在
2020-07-29 10:33:14,017 __main__   INFO   00686R 已存在
2020-07-29 10:33:14,017 __main__   INFO   00688L 已存在
2020-07-29 10:33:14,018 __main__   INFO   00689R 已存在
2020-07-29 10:33:14,018 __main__   INFO   00690 已存在
2020-07-29 10:33:14,018 __main__   INFO   00691R 已存在
2020-07-29 10:33:14,019 __main__   INFO   00692 已存在
2020-07-29 10:33:14,019 __main__   INFO   00693U 已存在
2020-07-29 10:33:14,020 __main__   INFO   00698L 已存在
2020-07-29 10:33:14,020 __main__   INFO   00699R 已存在
2020-07-29 10:33:14,020 __main__   INFO   00700 已存在
2020-07-29 10:33:14,021 __main__   INFO   00701 已存在
2020-07-29 10:33:14,021 __main__   INFO   00702 已存在
2020-07-29 10:33:14,021 __main__   INFO   00703 已存在
2020-07-29 10:33:14,021 __main__   INFO   00704L 已存在
2020-07-29 10:33:14,022 __main__   INFO   00705R 已存在
2020-07-29 10:33:14,022 __main__   INFO   00706L 已存在
2020-07-29 10:33:14,022 __main__   INFO   00707R 已存在
2020-07-29 10:33:14,023 __main__   INFO   00708L 已存在
2020-07-29 10:33:14,023 __main__   INFO   00709 已存在
2020-07-29 10:33:14,023 __main__   INFO   00710B 已存在
2020-07-29 10:33:14,024 __main__   INFO   00711B 已存在
2020-07-29 10:33:14,024 __main__   INFO   00712 已存在
2020-07-29 10:33:14,024 __main__   INFO   00713 已存在
2020-07-29 10:33:14,024 __main__   INFO   00714 已存在
2020-07-29 10:33:14,025 __main__   INFO   00715L 已存在
2020-07-29 10:33:14,025 __main__   INFO   00716R 已存在
2020-07-29 10:33:14,025 __main__   INFO   00717 已存在
2020-07-29 10:35:14,529 __main__   INFO   0050 已存在
2020-07-29 10:35:14,529 __main__   INFO   0051 已存在
2020-07-29 10:35:14,529 __main__   INFO   0052 已存在
2020-07-29 10:35:14,529 __main__   INFO   0053 已存在
2020-07-29 10:35:14,530 __main__   INFO   0054 已存在
2020-07-29 10:35:14,530 __main__   INFO   0055 已存在
2020-07-29 10:35:14,530 __main__   INFO   0056 已存在
2020-07-29 10:35:14,530 __main__   INFO   0057 已存在
2020-07-29 10:35:14,531 __main__   INFO   0058 已存在
2020-07-29 10:35:14,531 __main__   INFO   0059 已存在
2020-07-29 10:35:14,531 __main__   INFO   0061 已存在
2020-07-29 10:35:14,531 __main__   INFO   006203 已存在
2020-07-29 10:35:14,532 __main__   INFO   006204 已存在
2020-07-29 10:35:14,532 __main__   INFO   006205 已存在
2020-07-29 10:35:14,532 __main__   INFO   006206 已存在
2020-07-29 10:35:14,532 __main__   INFO   006207 已存在
2020-07-29 10:35:14,532 __main__   INFO   006208 已存在
2020-07-29 10:35:14,533 __main__   INFO   00625K 已存在
2020-07-29 10:35:14,533 __main__   INFO   00631L 已存在
2020-07-29 10:35:14,533 __main__   INFO   00632R 已存在
2020-07-29 10:35:14,533 __main__   INFO   00633L 已存在
2020-07-29 10:35:14,533 __main__   INFO   00634R 已存在
2020-07-29 10:35:14,534 __main__   INFO   00635U 已存在
2020-07-29 10:35:14,534 __main__   INFO   00636 已存在
2020-07-29 10:35:14,534 __main__   INFO   00636K 已存在
2020-07-29 10:35:14,534 __main__   INFO   00637L 已存在
2020-07-29 10:35:14,534 __main__   INFO   00638R 已存在
2020-07-29 10:35:14,535 __main__   INFO   00639 已存在
2020-07-29 10:35:14,535 __main__   INFO   00640L 已存在
2020-07-29 10:35:14,535 __main__   INFO   00641R 已存在
2020-07-29 10:35:14,535 __main__   INFO   00642U 已存在
2020-07-29 10:35:14,535 __main__   INFO   00643 已存在
2020-07-29 10:35:14,536 __main__   INFO   00643K 已存在
2020-07-29 10:35:14,536 __main__   INFO   00645 已存在
2020-07-29 10:35:14,536 __main__   INFO   00646 已存在
2020-07-29 10:35:14,536 __main__   INFO   00647L 已存在
2020-07-29 10:35:14,536 __main__   INFO   00648R 已存在
2020-07-29 10:35:14,537 __main__   INFO   00649 已存在
2020-07-29 10:35:14,537 __main__   INFO   00650L 已存在
2020-07-29 10:35:14,537 __main__   INFO   00651R 已存在
2020-07-29 10:35:14,537 __main__   INFO   00652 已存在
2020-07-29 10:35:14,537 __main__   INFO   00653L 已存在
2020-07-29 10:35:14,538 __main__   INFO   00654R 已存在
2020-07-29 10:35:14,538 __main__   INFO   00655L 已存在
2020-07-29 10:35:14,538 __main__   INFO   00656R 已存在
2020-07-29 10:35:14,538 __main__   INFO   00657 已存在
2020-07-29 10:35:14,538 __main__   INFO   00657K 已存在
2020-07-29 10:35:14,539 __main__   INFO   00658L 已存在
2020-07-29 10:35:14,539 __main__   INFO   00659R 已存在
2020-07-29 10:35:14,539 __main__   INFO   00660 已存在
2020-07-29 10:35:14,539 __main__   INFO   00661 已存在
2020-07-29 10:35:14,539 __main__   INFO   00662 已存在
2020-07-29 10:35:14,540 __main__   INFO   00663L 已存在
2020-07-29 10:35:14,540 __main__   INFO   00664R 已存在
2020-07-29 10:35:14,540 __main__   INFO   00665L 已存在
2020-07-29 10:35:14,540 __main__   INFO   00666R 已存在
2020-07-29 10:35:14,540 __main__   INFO   00667 已存在
2020-07-29 10:35:14,541 __main__   INFO   00668 已存在
2020-07-29 10:35:14,541 __main__   INFO   00668K 已存在
2020-07-29 10:35:14,541 __main__   INFO   00669R 已存在
2020-07-29 10:35:14,541 __main__   INFO   00670L 已存在
2020-07-29 10:35:14,541 __main__   INFO   00671R 已存在
2020-07-29 10:35:14,542 __main__   INFO   00672L 已存在
2020-07-29 10:35:14,542 __main__   INFO   00673R 已存在
2020-07-29 10:35:14,542 __main__   INFO   00674R 已存在
2020-07-29 10:35:14,542 __main__   INFO   00675L 已存在
2020-07-29 10:35:14,542 __main__   INFO   00676R 已存在
2020-07-29 10:35:14,542 __main__   INFO   00677U 已存在
2020-07-29 10:35:14,543 __main__   INFO   00678 已存在
2020-07-29 10:35:14,543 __main__   INFO   00680L 已存在
2020-07-29 10:35:14,543 __main__   INFO   00681R 已存在
2020-07-29 10:35:14,543 __main__   INFO   00682U 已存在
2020-07-29 10:35:14,544 __main__   INFO   00683L 已存在
2020-07-29 10:35:14,544 __main__   INFO   00684R 已存在
2020-07-29 10:35:14,544 __main__   INFO   00685L 已存在
2020-07-29 10:35:14,544 __main__   INFO   00686R 已存在
2020-07-29 10:35:14,544 __main__   INFO   00688L 已存在
2020-07-29 10:35:14,545 __main__   INFO   00689R 已存在
2020-07-29 10:35:14,545 __main__   INFO   00690 已存在
2020-07-29 10:35:14,545 __main__   INFO   00691R 已存在
2020-07-29 10:35:14,545 __main__   INFO   00692 已存在
2020-07-29 10:35:14,545 __main__   INFO   00693U 已存在
2020-07-29 10:35:14,546 __main__   INFO   00698L 已存在
2020-07-29 10:35:14,546 __main__   INFO   00699R 已存在
2020-07-29 10:35:14,546 __main__   INFO   00700 已存在
2020-07-29 10:35:14,546 __main__   INFO   00701 已存在
2020-07-29 10:35:14,546 __main__   INFO   00702 已存在
2020-07-29 10:35:14,547 __main__   INFO   00703 已存在
2020-07-29 10:35:14,547 __main__   INFO   00704L 已存在
2020-07-29 10:35:14,547 __main__   INFO   00705R 已存在
2020-07-29 10:35:14,547 __main__   INFO   00706L 已存在
2020-07-29 10:35:14,547 __main__   INFO   00707R 已存在
2020-07-29 10:35:14,548 __main__   INFO   00708L 已存在
2020-07-29 10:35:14,548 __main__   INFO   00709 已存在
2020-07-29 10:35:14,548 __main__   INFO   00710B 已存在
2020-07-29 10:35:14,548 __main__   INFO   00711B 已存在
2020-07-29 10:35:14,548 __main__   INFO   00712 已存在
2020-07-29 10:35:14,549 __main__   INFO   00713 已存在
2020-07-29 10:35:14,549 __main__   INFO   00714 已存在
2020-07-29 10:35:14,549 __main__   INFO   00715L 已存在
2020-07-29 10:35:14,549 __main__   INFO   00716R 已存在
2020-07-29 10:35:14,549 __main__   INFO   00717 已存在
2020-07-29 10:35:14,550 __main__   INFO   00730 已存在
2020-07-29 10:35:14,550 __main__   INFO   008201 已存在
2020-07-29 10:35:14,550 __main__   INFO   01001T 已存在
2020-07-29 10:35:14,550 __main__   INFO   01002T 已存在
2020-07-29 10:35:14,550 __main__   INFO   01003T 已存在
2020-07-29 10:35:14,551 __main__   INFO   01004T 已存在
2020-07-29 10:35:14,551 __main__   INFO   01007T 已存在
2020-07-29 10:35:14,551 __main__   INFO   1101 已存在
2020-07-29 10:35:14,551 __main__   INFO   1102 已存在
2020-07-29 10:35:14,552 __main__   INFO   1103 已存在
2020-07-29 10:35:14,552 __main__   INFO   1104 已存在
2020-07-29 10:35:14,552 __main__   INFO   1108 已存在
2020-07-29 10:35:14,552 __main__   INFO   1109 已存在
2020-07-29 10:35:14,553 __main__   INFO   1110 已存在
2020-07-29 10:35:14,553 __main__   INFO   1201 已存在
2020-07-29 10:35:14,553 __main__   INFO   1203 已存在
2020-07-29 10:35:14,554 __main__   INFO   1210 已存在
2020-07-29 10:35:14,554 __main__   INFO   1213 已存在
2020-07-29 10:35:14,554 __main__   INFO   1215 已存在
2020-07-29 10:35:14,554 __main__   INFO   1216 已存在
2020-07-29 10:35:14,554 __main__   INFO   1217 已存在
2020-07-29 10:35:14,555 __main__   INFO   1218 已存在
2020-07-29 10:35:14,555 __main__   INFO   1219 已存在
2020-07-29 10:35:14,555 __main__   INFO   1220 已存在
2020-07-29 10:35:14,555 __main__   INFO   1225 已存在
2020-07-29 10:35:14,555 __main__   INFO   1227 已存在
2020-07-29 10:35:14,556 __main__   INFO   1229 已存在
2020-07-29 10:35:14,556 __main__   INFO   1231 已存在
2020-07-29 10:35:14,556 __main__   INFO   1232 已存在
2020-07-29 10:35:14,556 __main__   INFO   1233 已存在
2020-07-29 10:35:14,556 __main__   INFO   1234 已存在
2020-07-29 10:35:14,557 __main__   INFO   1235 已存在
2020-07-29 10:35:14,557 __main__   INFO   1236 已存在
2020-07-29 10:35:14,557 __main__   INFO   1256 已存在
2020-07-29 10:35:14,557 __main__   INFO   1262 已存在
2020-07-29 10:35:14,557 __main__   INFO   1301 已存在
2020-07-29 10:35:14,558 __main__   INFO   1303 已存在
2020-07-29 10:35:14,558 __main__   INFO   1304 已存在
2020-07-29 10:35:14,558 __main__   INFO   1305 已存在
2020-07-29 10:35:14,558 __main__   INFO   1307 已存在
2020-07-29 10:35:14,559 __main__   INFO   1308 已存在
2020-07-29 10:35:14,559 __main__   INFO   1309 已存在
2020-07-29 10:35:14,559 __main__   INFO   1310 已存在
2020-07-29 10:35:14,559 __main__   INFO   1312 已存在
2020-07-29 10:35:14,559 __main__   INFO   1312A 已存在
2020-07-29 10:35:14,560 __main__   INFO   1313 已存在
2020-07-29 10:35:14,560 __main__   INFO   1314 已存在
2020-07-29 10:35:14,560 __main__   INFO   1315 已存在
2020-07-29 10:35:14,560 __main__   INFO   1316 已存在
2020-07-29 10:35:14,561 __main__   INFO   1319 已存在
2020-07-29 10:35:14,561 __main__   INFO   1321 已存在
2020-07-29 10:35:14,561 __main__   INFO   1323 已存在
2020-07-29 10:35:14,561 __main__   INFO   1324 已存在
2020-07-29 10:35:14,561 __main__   INFO   1325 已存在
2020-07-29 10:35:14,561 __main__   INFO   1326 已存在
2020-07-29 10:35:14,562 __main__   INFO   1337 已存在
2020-07-29 10:35:14,562 __main__   INFO   1338 已存在
2020-07-29 10:35:14,562 __main__   INFO   1339 已存在
2020-07-29 10:35:14,562 __main__   INFO   1340 已存在
2020-07-29 10:35:14,562 __main__   INFO   1402 已存在
2020-07-29 10:35:14,563 __main__   INFO   1409 已存在
2020-07-29 10:35:14,563 __main__   INFO   1410 已存在
2020-07-29 10:35:14,563 __main__   INFO   1413 已存在
2020-07-29 10:35:14,563 __main__   INFO   1414 已存在
2020-07-29 10:35:14,563 __main__   INFO   1416 已存在
2020-07-29 10:35:14,564 __main__   INFO   1417 已存在
2020-07-29 10:35:14,564 __main__   INFO   1418 已存在
2020-07-29 10:35:14,564 __main__   INFO   1419 已存在
2020-07-29 10:35:14,564 __main__   INFO   1423 已存在
2020-07-29 10:35:14,565 __main__   INFO   1432 已存在
2020-07-29 10:35:14,565 __main__   INFO   1434 已存在
2020-07-29 10:35:14,565 __main__   INFO   1435 已存在
2020-07-29 10:35:14,566 __main__   INFO   1436 已存在
2020-07-29 10:35:14,566 __main__   INFO   1437 已存在
2020-07-29 10:35:14,566 __main__   INFO   1438 已存在
2020-07-29 10:35:14,566 __main__   INFO   1439 已存在
2020-07-29 10:35:14,566 __main__   INFO   1440 已存在
2020-07-29 10:35:14,567 __main__   INFO   1441 已存在
2020-07-29 10:35:14,567 __main__   INFO   1442 已存在
2020-07-29 10:35:14,567 __main__   INFO   1443 已存在
2020-07-29 10:35:14,567 __main__   INFO   1444 已存在
2020-07-29 10:35:14,567 __main__   INFO   1445 已存在
2020-07-29 10:35:14,567 __main__   INFO   1446 已存在
2020-07-29 10:35:14,568 __main__   INFO   1447 已存在
2020-07-29 10:35:14,568 __main__   INFO   1449 已存在
2020-07-29 10:35:14,568 __main__   INFO   1451 已存在
2020-07-29 10:35:14,568 __main__   INFO   1452 已存在
2020-07-29 10:35:14,568 __main__   INFO   1453 已存在
2020-07-29 10:35:14,569 __main__   INFO   1454 已存在
2020-07-29 10:35:14,569 __main__   INFO   1455 已存在
2020-07-29 10:35:14,569 __main__   INFO   1456 已存在
2020-07-29 10:35:14,569 __main__   INFO   1457 已存在
2020-07-29 10:35:14,569 __main__   INFO   1459 已存在
2020-07-29 10:35:14,570 __main__   INFO   1460 已存在
2020-07-29 10:35:14,570 __main__   INFO   1463 已存在
2020-07-29 10:35:14,570 __main__   INFO   1464 已存在
2020-07-29 10:35:14,570 __main__   INFO   1465 已存在
2020-07-29 10:35:14,570 __main__   INFO   1466 已存在
2020-07-29 10:35:14,571 __main__   INFO   1467 已存在
2020-07-29 10:35:14,571 __main__   INFO   1468 已存在
2020-07-29 10:35:14,571 __main__   INFO   1469 已存在
2020-07-29 10:35:14,571 __main__   INFO   1470 已存在
2020-07-29 10:35:14,571 __main__   INFO   1471 已存在
2020-07-29 10:35:14,572 __main__   INFO   1472 已存在
2020-07-29 10:35:14,572 __main__   INFO   1473 已存在
2020-07-29 10:35:14,572 __main__   INFO   1474 已存在
2020-07-29 10:35:14,572 __main__   INFO   1475 已存在
2020-07-29 10:35:14,572 __main__   INFO   1476 已存在
2020-07-29 10:35:14,573 __main__   INFO   1477 已存在
2020-07-29 10:35:14,573 __main__   INFO   1503 已存在
2020-07-29 10:35:14,573 __main__   INFO   1504 已存在
2020-07-29 10:35:14,573 __main__   INFO   1506 已存在
2020-07-29 10:35:14,573 __main__   INFO   1507 已存在
2020-07-29 10:35:14,574 __main__   INFO   1512 已存在
2020-07-29 10:35:14,574 __main__   INFO   1513 已存在
2020-07-29 10:35:14,574 __main__   INFO   1514 已存在
2020-07-29 10:35:14,574 __main__   INFO   1515 已存在
2020-07-29 10:35:14,574 __main__   INFO   1516 已存在
2020-07-29 10:35:14,574 __main__   INFO   1517 已存在
2020-07-29 10:35:14,575 __main__   INFO   1519 已存在
2020-07-29 10:35:14,575 __main__   INFO   1521 已存在
2020-07-29 10:35:14,575 __main__   INFO   1522 已存在
2020-07-29 10:35:14,575 __main__   INFO   1524 已存在
2020-07-29 10:35:14,575 __main__   INFO   1525 已存在
2020-07-29 10:35:14,576 __main__   INFO   1526 已存在
2020-07-29 10:35:14,576 __main__   INFO   1527 已存在
2020-07-29 10:35:14,576 __main__   INFO   1528 已存在
2020-07-29 10:35:14,576 __main__   INFO   1529 已存在
2020-07-29 10:35:14,576 __main__   INFO   1530 已存在
2020-07-29 10:35:14,577 __main__   INFO   1531 已存在
2020-07-29 10:35:14,577 __main__   INFO   1532 已存在
2020-07-29 10:35:14,577 __main__   INFO   1533 已存在
2020-07-29 10:35:14,577 __main__   INFO   1535 已存在
2020-07-29 10:35:14,577 __main__   INFO   1536 已存在
2020-07-29 10:35:14,578 __main__   INFO   1537 已存在
2020-07-29 10:35:14,578 __main__   INFO   1538 已存在
2020-07-29 10:35:14,578 __main__   INFO   1539 已存在
2020-07-29 10:35:14,578 __main__   INFO   1540 已存在
2020-07-29 10:35:14,578 __main__   INFO   1541 已存在
2020-07-29 10:35:14,579 __main__   INFO   1558 已存在
2020-07-29 10:35:14,579 __main__   INFO   1560 已存在
2020-07-29 10:35:14,579 __main__   INFO   1568 已存在
2020-07-29 10:35:14,579 __main__   INFO   1582 已存在
2020-07-29 10:35:14,579 __main__   INFO   1583 已存在
2020-07-29 10:35:14,580 __main__   INFO   1589 已存在
2020-07-29 10:35:14,580 __main__   INFO   1590 已存在
2020-07-29 10:35:14,580 __main__   INFO   1592 已存在
2020-07-29 10:35:14,580 __main__   INFO   1598 已存在
2020-07-29 10:35:14,580 __main__   INFO   1603 已存在
2020-07-29 10:35:14,581 __main__   INFO   1604 已存在
2020-07-29 10:35:14,581 __main__   INFO   1605 已存在
2020-07-29 10:35:14,581 __main__   INFO   1608 已存在
2020-07-29 10:35:14,581 __main__   INFO   1609 已存在
2020-07-29 10:35:14,581 __main__   INFO   1611 已存在
2020-07-29 10:35:14,581 __main__   INFO   1612 已存在
2020-07-29 10:35:14,582 __main__   INFO   1614 已存在
2020-07-29 10:35:14,582 __main__   INFO   1615 已存在
2020-07-29 10:35:14,582 __main__   INFO   1616 已存在
2020-07-29 10:35:14,582 __main__   INFO   1617 已存在
2020-07-29 10:35:14,582 __main__   INFO   1618 已存在
2020-07-29 10:35:14,582 __main__   INFO   1626 已存在
2020-07-29 10:35:14,583 __main__   INFO   1701 已存在
2020-07-29 10:35:14,583 __main__   INFO   1702 已存在
2020-07-29 10:35:14,583 __main__   INFO   1704 已存在
2020-07-29 10:35:14,583 __main__   INFO   1707 已存在
2020-07-29 10:35:14,583 __main__   INFO   1708 已存在
2020-07-29 10:35:14,584 __main__   INFO   1709 已存在
2020-07-29 10:35:14,584 __main__   INFO   1710 已存在
2020-07-29 10:35:14,584 __main__   INFO   1711 已存在
2020-07-29 10:35:14,584 __main__   INFO   1712 已存在
2020-07-29 10:35:14,585 __main__   INFO   1713 已存在
2020-07-29 10:35:14,585 __main__   INFO   1714 已存在
2020-07-29 10:35:14,585 __main__   INFO   1717 已存在
2020-07-29 10:35:14,586 __main__   INFO   1718 已存在
2020-07-29 10:35:14,586 __main__   INFO   1720 已存在
2020-07-29 10:35:14,586 __main__   INFO   1721 已存在
2020-07-29 10:35:14,587 __main__   INFO   1722 已存在
2020-07-29 10:35:14,587 __main__   INFO   1723 已存在
2020-07-29 10:35:14,587 __main__   INFO   1724 已存在
2020-07-29 10:35:14,587 __main__   INFO   1725 已存在
2020-07-29 10:35:14,587 __main__   INFO   1726 已存在
2020-07-29 10:35:14,588 __main__   INFO   1727 已存在
2020-07-29 10:35:14,588 __main__   INFO   1730 已存在
2020-07-29 10:35:14,588 __main__   INFO   1731 已存在
2020-07-29 10:35:14,588 __main__   INFO   1732 已存在
2020-07-29 10:35:14,588 __main__   INFO   1733 已存在
2020-07-29 10:35:14,589 __main__   INFO   1734 已存在
2020-07-29 10:35:14,589 __main__   INFO   1735 已存在
2020-07-29 10:35:14,589 __main__   INFO   1736 已存在
2020-07-29 10:35:14,589 __main__   INFO   1737 已存在
2020-07-29 10:35:14,589 __main__   INFO   1760 已存在
2020-07-29 10:35:14,589 __main__   INFO   1762 已存在
2020-07-29 10:35:14,590 __main__   INFO   1773 已存在
2020-07-29 10:35:14,590 __main__   INFO   1776 已存在
2020-07-29 10:35:14,590 __main__   INFO   1783 已存在
2020-07-29 10:35:14,590 __main__   INFO   1786 已存在
2020-07-29 10:35:14,590 __main__   INFO   1789 已存在
2020-07-29 10:35:14,591 __main__   INFO   1802 已存在
2020-07-29 10:35:14,591 __main__   INFO   1805 已存在
2020-07-29 10:35:14,591 __main__   INFO   1806 已存在
2020-07-29 10:35:14,591 __main__   INFO   1808 已存在
2020-07-29 10:35:14,591 __main__   INFO   1809 已存在
2020-07-29 10:35:14,591 __main__   INFO   1810 已存在
2020-07-29 10:35:14,592 __main__   INFO   1817 已存在
2020-07-29 10:35:14,592 __main__   INFO   1902 已存在
2020-07-29 10:35:14,592 __main__   INFO   1903 已存在
2020-07-29 10:35:14,592 __main__   INFO   1904 已存在
2020-07-29 10:35:14,592 __main__   INFO   1905 已存在
2020-07-29 10:35:14,592 __main__   INFO   1906 已存在
2020-07-29 10:35:14,593 __main__   INFO   1907 已存在
2020-07-29 10:35:14,593 __main__   INFO   1909 已存在
2020-07-29 10:35:14,593 __main__   INFO   2002 已存在
2020-07-29 10:35:14,593 __main__   INFO   2002A 已存在
2020-07-29 10:35:14,594 __main__   INFO   2006 已存在
2020-07-29 10:35:14,594 __main__   INFO   2007 已存在
2020-07-29 10:35:14,594 __main__   INFO   2008 已存在
2020-07-29 10:35:14,594 __main__   INFO   2009 已存在
2020-07-29 10:35:14,594 __main__   INFO   2010 已存在
2020-07-29 10:35:14,595 __main__   INFO   2012 已存在
2020-07-29 10:35:14,595 __main__   INFO   2013 已存在
2020-07-29 10:35:14,595 __main__   INFO   2014 已存在
2020-07-29 10:35:14,595 __main__   INFO   2015 已存在
2020-07-29 10:35:14,595 __main__   INFO   2017 已存在
2020-07-29 10:35:14,596 __main__   INFO   2020 已存在
2020-07-29 10:35:14,596 __main__   INFO   2022 已存在
2020-07-29 10:35:14,596 __main__   INFO   2023 已存在
2020-07-29 10:35:14,596 __main__   INFO   2024 已存在
2020-07-29 10:35:14,596 __main__   INFO   2025 已存在
2020-07-29 10:35:14,597 __main__   INFO   2027 已存在
2020-07-29 10:35:14,597 __main__   INFO   2028 已存在
2020-07-29 10:35:14,597 __main__   INFO   2029 已存在
2020-07-29 10:35:14,597 __main__   INFO   2030 已存在
2020-07-29 10:35:14,597 __main__   INFO   2031 已存在
2020-07-29 10:35:14,597 __main__   INFO   2032 已存在
2020-07-29 10:35:14,598 __main__   INFO   2033 已存在
2020-07-29 10:35:14,598 __main__   INFO   2034 已存在
2020-07-29 10:35:14,598 __main__   INFO   2038 已存在
2020-07-29 10:35:14,598 __main__   INFO   2049 已存在
2020-07-29 10:35:14,598 __main__   INFO   2059 已存在
2020-07-29 10:35:14,599 __main__   INFO   2062 已存在
2020-07-29 10:35:14,599 __main__   INFO   2069 已存在
2020-07-29 10:35:14,599 __main__   INFO   2101 已存在
2020-07-29 10:35:14,599 __main__   INFO   2102 已存在
2020-07-29 10:35:14,599 __main__   INFO   2103 已存在
2020-07-29 10:35:14,599 __main__   INFO   2104 已存在
2020-07-29 10:35:14,600 __main__   INFO   2105 已存在
2020-07-29 10:35:14,600 __main__   INFO   2106 已存在
2020-07-29 10:35:14,600 __main__   INFO   2107 已存在
2020-07-29 10:35:14,600 __main__   INFO   2108 已存在
2020-07-29 10:35:14,600 __main__   INFO   2109 已存在
2020-07-29 10:35:14,601 __main__   INFO   2114 已存在
2020-07-29 10:35:14,601 __main__   INFO   2115 已存在
2020-07-29 10:35:14,601 __main__   INFO   2201 已存在
2020-07-29 10:35:14,601 __main__   INFO   2204 已存在
2020-07-29 10:35:14,601 __main__   INFO   2206 已存在
2020-07-29 10:35:14,602 __main__   INFO   2207 已存在
2020-07-29 10:35:14,602 __main__   INFO   2208 已存在
2020-07-29 10:35:14,602 __main__   INFO   2227 已存在
2020-07-29 10:35:14,603 __main__   INFO   2228 已存在
2020-07-29 10:35:14,603 __main__   INFO   2231 已存在
2020-07-29 10:35:14,604 __main__   INFO   2236 已存在
2020-07-29 10:35:14,604 __main__   INFO   2239 已存在
2020-07-29 10:35:14,604 __main__   INFO   2243 已存在
2020-07-29 10:35:14,605 __main__   INFO   2301 已存在
2020-07-29 10:35:14,605 __main__   INFO   2302 已存在
2020-07-29 10:35:14,605 __main__   INFO   2303 已存在
2020-07-29 10:35:14,605 __main__   INFO   2305 已存在
2020-07-29 10:35:14,605 __main__   INFO   2308 已存在
2020-07-29 10:35:14,606 __main__   INFO   2311 已存在
2020-07-29 10:35:14,606 __main__   INFO   2312 已存在
2020-07-29 10:35:14,606 __main__   INFO   2313 已存在
2020-07-29 10:35:14,606 __main__   INFO   2314 已存在
2020-07-29 10:35:14,607 __main__   INFO   2316 已存在
2020-07-29 10:35:14,607 __main__   INFO   2317 已存在
2020-07-29 10:35:14,607 __main__   INFO   2321 已存在
2020-07-29 10:35:14,607 __main__   INFO   2323 已存在
2020-07-29 10:35:14,608 __main__   INFO   2324 已存在
2020-07-29 10:35:14,608 __main__   INFO   2325 已存在
2020-07-29 10:35:14,608 __main__   INFO   2327 已存在
2020-07-29 10:35:14,608 __main__   INFO   2328 已存在
2020-07-29 10:35:14,608 __main__   INFO   2329 已存在
2020-07-29 10:35:14,609 __main__   INFO   2330 已存在
2020-07-29 10:35:14,609 __main__   INFO   2331 已存在
2020-07-29 10:35:14,609 __main__   INFO   2332 已存在
2020-07-29 10:35:14,609 __main__   INFO   2337 已存在
2020-07-29 10:35:14,609 __main__   INFO   2338 已存在
2020-07-29 10:35:14,610 __main__   INFO   2340 已存在
2020-07-29 10:35:14,610 __main__   INFO   2342 已存在
2020-07-29 10:35:14,610 __main__   INFO   2344 已存在
2020-07-29 10:35:14,610 __main__   INFO   2345 已存在
2020-07-29 10:35:14,611 __main__   INFO   2347 已存在
2020-07-29 10:35:14,611 __main__   INFO   2348 已存在
2020-07-29 10:35:14,611 __main__   INFO   2349 已存在
2020-07-29 10:35:14,611 __main__   INFO   2351 已存在
2020-07-29 10:35:14,611 __main__   INFO   2352 已存在
2020-07-29 10:35:14,612 __main__   INFO   2353 已存在
2020-07-29 10:35:14,612 __main__   INFO   2354 已存在
2020-07-29 10:35:14,612 __main__   INFO   2355 已存在
2020-07-29 10:35:14,612 __main__   INFO   2356 已存在
2020-07-29 10:35:14,612 __main__   INFO   2357 已存在
2020-07-29 10:35:14,613 __main__   INFO   2358 已存在
2020-07-29 10:35:14,613 __main__   INFO   2359 已存在
2020-07-29 10:35:14,613 __main__   INFO   2360 已存在
2020-07-29 10:35:14,613 __main__   INFO   2362 已存在
2020-07-29 10:35:14,613 __main__   INFO   2363 已存在
2020-07-29 10:35:14,613 __main__   INFO   2364 已存在
2020-07-29 10:35:14,614 __main__   INFO   2365 已存在
2020-07-29 10:35:14,614 __main__   INFO   2367 已存在
2020-07-29 10:35:14,614 __main__   INFO   2368 已存在
2020-07-29 10:35:14,614 __main__   INFO   2369 已存在
2020-07-29 10:35:14,614 __main__   INFO   2371 已存在
2020-07-29 10:35:14,615 __main__   INFO   2373 已存在
2020-07-29 10:35:14,615 __main__   INFO   2374 已存在
2020-07-29 10:35:14,615 __main__   INFO   2375 已存在
2020-07-29 10:35:14,615 __main__   INFO   2376 已存在
2020-07-29 10:35:14,615 __main__   INFO   2377 已存在
2020-07-29 10:35:14,616 __main__   INFO   2379 已存在
2020-07-29 10:35:14,616 __main__   INFO   2380 已存在
2020-07-29 10:35:14,616 __main__   INFO   2382 已存在
2020-07-29 10:35:14,616 __main__   INFO   2383 已存在
2020-07-29 10:35:14,616 __main__   INFO   2385 已存在
2020-07-29 10:35:14,617 __main__   INFO   2387 已存在
2020-07-29 10:35:14,617 __main__   INFO   2388 已存在
2020-07-29 10:35:14,617 __main__   INFO   2390 已存在
2020-07-29 10:35:14,617 __main__   INFO   2392 已存在
2020-07-29 10:35:14,617 __main__   INFO   2393 已存在
2020-07-29 10:35:14,617 __main__   INFO   2395 已存在
2020-07-29 10:35:14,618 __main__   INFO   2397 已存在
2020-07-29 10:35:14,618 __main__   INFO   2399 已存在
2020-07-29 10:35:14,618 __main__   INFO   2401 已存在
2020-07-29 10:35:14,618 __main__   INFO   2402 已存在
2020-07-29 10:35:14,619 __main__   INFO   2404 已存在
2020-07-29 10:35:14,619 __main__   INFO   2405 已存在
2020-07-29 10:35:14,619 __main__   INFO   2406 已存在
2020-07-29 10:35:14,619 __main__   INFO   2408 已存在
2020-07-29 10:35:14,619 __main__   INFO   2409 已存在
2020-07-29 10:35:14,619 __main__   INFO   2412 已存在
2020-07-29 10:35:14,620 __main__   INFO   2413 已存在
2020-07-29 10:35:14,620 __main__   INFO   2414 已存在
2020-07-29 10:35:14,620 __main__   INFO   2415 已存在
2020-07-29 10:35:14,620 __main__   INFO   2417 已存在
2020-07-29 10:35:14,620 __main__   INFO   2419 已存在
2020-07-29 10:35:14,621 __main__   INFO   2420 已存在
2020-07-29 10:35:14,621 __main__   INFO   2421 已存在
2020-07-29 10:35:14,621 __main__   INFO   2423 已存在
2020-07-29 10:35:14,621 __main__   INFO   2424 已存在
2020-07-29 10:35:14,621 __main__   INFO   2425 已存在
2020-07-29 10:35:14,622 __main__   INFO   2426 已存在
2020-07-29 10:35:14,622 __main__   INFO   2427 已存在
2020-07-29 10:35:14,622 __main__   INFO   2428 已存在
2020-07-29 10:35:14,622 __main__   INFO   2429 已存在
2020-07-29 10:35:14,622 __main__   INFO   2430 已存在
2020-07-29 10:35:14,623 __main__   INFO   2431 已存在
2020-07-29 10:35:14,623 __main__   INFO   2433 已存在
2020-07-29 10:35:14,623 __main__   INFO   2434 已存在
2020-07-29 10:35:14,623 __main__   INFO   2436 已存在
2020-07-29 10:35:14,623 __main__   INFO   2438 已存在
2020-07-29 10:35:14,624 __main__   INFO   2439 已存在
2020-07-29 10:35:14,624 __main__   INFO   2440 已存在
2020-07-29 10:35:14,624 __main__   INFO   2441 已存在
2020-07-29 10:35:14,624 __main__   INFO   2442 已存在
2020-07-29 10:35:14,624 __main__   INFO   2443 已存在
2020-07-29 10:35:14,624 __main__   INFO   2444 已存在
2020-07-29 10:35:14,625 __main__   INFO   2448 已存在
2020-07-29 10:35:14,625 __main__   INFO   2449 已存在
2020-07-29 10:35:14,625 __main__   INFO   2450 已存在
2020-07-29 10:35:14,625 __main__   INFO   2451 已存在
2020-07-29 10:35:14,625 __main__   INFO   2453 已存在
2020-07-29 10:35:14,626 __main__   INFO   2454 已存在
2020-07-29 10:35:14,626 __main__   INFO   2455 已存在
2020-07-29 10:35:14,626 __main__   INFO   2456 已存在
2020-07-29 10:35:14,626 __main__   INFO   2457 已存在
2020-07-29 10:35:14,627 __main__   INFO   2458 已存在
2020-07-29 10:35:14,627 __main__   INFO   2459 已存在
2020-07-29 10:35:14,627 __main__   INFO   2460 已存在
2020-07-29 10:35:14,627 __main__   INFO   2461 已存在
2020-07-29 10:35:14,627 __main__   INFO   2462 已存在
2020-07-29 10:35:14,628 __main__   INFO   2464 已存在
2020-07-29 10:35:14,628 __main__   INFO   2465 已存在
2020-07-29 10:35:14,628 __main__   INFO   2466 已存在
2020-07-29 10:35:14,628 __main__   INFO   2467 已存在
2020-07-29 10:35:14,628 __main__   INFO   2468 已存在
2020-07-29 10:35:14,628 __main__   INFO   2471 已存在
2020-07-29 10:35:14,629 __main__   INFO   2472 已存在
2020-07-29 10:35:14,629 __main__   INFO   2474 已存在
2020-07-29 10:35:14,629 __main__   INFO   2475 已存在
2020-07-29 10:35:14,629 __main__   INFO   2476 已存在
2020-07-29 10:35:14,629 __main__   INFO   2477 已存在
2020-07-29 10:35:14,629 __main__   INFO   2478 已存在
2020-07-29 10:35:14,630 __main__   INFO   2480 已存在
2020-07-29 10:35:14,630 __main__   INFO   2481 已存在
2020-07-29 10:35:14,630 __main__   INFO   2482 已存在
2020-07-29 10:35:14,630 __main__   INFO   2483 已存在
2020-07-29 10:35:14,631 __main__   INFO   2484 已存在
2020-07-29 10:35:14,631 __main__   INFO   2485 已存在
2020-07-29 10:35:14,631 __main__   INFO   2486 已存在
2020-07-29 10:35:14,631 __main__   INFO   2488 已存在
2020-07-29 10:35:14,631 __main__   INFO   2489 已存在
2020-07-29 10:35:14,632 __main__   INFO   2491 已存在
2020-07-29 10:35:14,632 __main__   INFO   2492 已存在
2020-07-29 10:35:14,632 __main__   INFO   2493 已存在
2020-07-29 10:35:14,632 __main__   INFO   2495 已存在
2020-07-29 10:35:14,632 __main__   INFO   2496 已存在
2020-07-29 10:35:14,633 __main__   INFO   2497 已存在
2020-07-29 10:35:14,633 __main__   INFO   2498 已存在
2020-07-29 10:35:14,633 __main__   INFO   2499 已存在
2020-07-29 10:35:14,633 __main__   INFO   2501 已存在
2020-07-29 10:35:14,634 __main__   INFO   2504 已存在
2020-07-29 10:35:14,634 __main__   INFO   2505 已存在
2020-07-29 10:35:14,634 __main__   INFO   2506 已存在
2020-07-29 10:35:14,634 __main__   INFO   2509 已存在
2020-07-29 10:35:14,635 __main__   INFO   2511 已存在
2020-07-29 10:35:14,635 __main__   INFO   2514 已存在
2020-07-29 10:35:14,635 __main__   INFO   2515 已存在
2020-07-29 10:35:14,635 __main__   INFO   2516 已存在
2020-07-29 10:35:14,636 __main__   INFO   2520 已存在
2020-07-29 10:35:14,636 __main__   INFO   2524 已存在
2020-07-29 10:35:14,636 __main__   INFO   2527 已存在
2020-07-29 10:35:14,636 __main__   INFO   2528 已存在
2020-07-29 10:35:14,636 __main__   INFO   2530 已存在
2020-07-29 10:35:14,637 __main__   INFO   2534 已存在
2020-07-29 10:35:14,637 __main__   INFO   2535 已存在
2020-07-29 10:35:14,637 __main__   INFO   2536 已存在
2020-07-29 10:35:14,637 __main__   INFO   2537 已存在
2020-07-29 10:35:14,637 __main__   INFO   2538 已存在
2020-07-29 10:35:14,638 __main__   INFO   2539 已存在
2020-07-29 10:35:14,638 __main__   INFO   2540 已存在
2020-07-29 10:35:14,638 __main__   INFO   2542 已存在
2020-07-29 10:35:14,638 __main__   INFO   2543 已存在
2020-07-29 10:35:14,638 __main__   INFO   2545 已存在
2020-07-29 10:35:14,639 __main__   INFO   2546 已存在
2020-07-29 10:35:14,639 __main__   INFO   2547 已存在
2020-07-29 10:35:14,639 __main__   INFO   2548 已存在
2020-07-29 10:35:14,639 __main__   INFO   2597 已存在
2020-07-29 10:35:14,639 __main__   INFO   2601 已存在
2020-07-29 10:35:14,640 __main__   INFO   2603 已存在
2020-07-29 10:35:14,640 __main__   INFO   2605 已存在
2020-07-29 10:35:14,640 __main__   INFO   2606 已存在
2020-07-29 10:35:14,640 __main__   INFO   2607 已存在
2020-07-29 10:35:14,640 __main__   INFO   2608 已存在
2020-07-29 10:35:14,641 __main__   INFO   2609 已存在
2020-07-29 10:35:14,641 __main__   INFO   2610 已存在
2020-07-29 10:35:14,641 __main__   INFO   2611 已存在
2020-07-29 10:35:14,641 __main__   INFO   2612 已存在
2020-07-29 10:35:14,641 __main__   INFO   2613 已存在
2020-07-29 10:35:14,641 __main__   INFO   2614 已存在
2020-07-29 10:35:14,642 __main__   INFO   2615 已存在
2020-07-29 10:35:14,642 __main__   INFO   2616 已存在
2020-07-29 10:35:14,642 __main__   INFO   2617 已存在
2020-07-29 10:35:14,642 __main__   INFO   2618 已存在
2020-07-29 10:36:34,520 __main__   INFO   0050 已存在
2020-07-29 10:36:34,521 __main__   INFO   0051 已存在
2020-07-29 10:36:34,521 __main__   INFO   0052 已存在
2020-07-29 10:36:34,521 __main__   INFO   0053 已存在
2020-07-29 10:36:34,521 __main__   INFO   0054 已存在
2020-07-29 10:36:34,521 __main__   INFO   0055 已存在
2020-07-29 10:36:34,522 __main__   INFO   0056 已存在
2020-07-29 10:36:34,522 __main__   INFO   0057 已存在
2020-07-29 10:36:34,522 __main__   INFO   0058 已存在
2020-07-29 10:36:34,522 __main__   INFO   0059 已存在
2020-07-29 10:36:34,523 __main__   INFO   0061 已存在
2020-07-29 10:36:34,523 __main__   INFO   006203 已存在
2020-07-29 10:36:34,523 __main__   INFO   006204 已存在
2020-07-29 10:36:34,523 __main__   INFO   006205 已存在
2020-07-29 10:36:34,524 __main__   INFO   006206 已存在
2020-07-29 10:36:34,524 __main__   INFO   006207 已存在
2020-07-29 10:36:34,524 __main__   INFO   006208 已存在
2020-07-29 10:36:34,524 __main__   INFO   00625K 已存在
2020-07-29 10:36:34,524 __main__   INFO   00631L 已存在
2020-07-29 10:36:34,525 __main__   INFO   00632R 已存在
2020-07-29 10:36:34,525 __main__   INFO   00633L 已存在
2020-07-29 10:36:34,525 __main__   INFO   00634R 已存在
2020-07-29 10:36:34,526 __main__   INFO   00635U 已存在
2020-07-29 10:36:34,526 __main__   INFO   00636 已存在
2020-07-29 10:36:34,526 __main__   INFO   00636K 已存在
2020-07-29 10:36:34,526 __main__   INFO   00637L 已存在
2020-07-29 10:36:34,526 __main__   INFO   00638R 已存在
2020-07-29 10:36:34,527 __main__   INFO   00639 已存在
2020-07-29 10:36:34,527 __main__   INFO   00640L 已存在
2020-07-29 10:36:34,527 __main__   INFO   00641R 已存在
2020-07-29 10:36:34,527 __main__   INFO   00642U 已存在
2020-07-29 10:36:34,528 __main__   INFO   00643 已存在
2020-07-29 10:36:34,528 __main__   INFO   00643K 已存在
2020-07-29 10:36:34,528 __main__   INFO   00645 已存在
2020-07-29 10:36:34,528 __main__   INFO   00646 已存在
2020-07-29 10:36:34,529 __main__   INFO   00647L 已存在
2020-07-29 10:36:34,529 __main__   INFO   00648R 已存在
2020-07-29 10:36:34,529 __main__   INFO   00649 已存在
2020-07-29 10:36:34,529 __main__   INFO   00650L 已存在
2020-07-29 10:36:34,530 __main__   INFO   00651R 已存在
2020-07-29 10:36:34,530 __main__   INFO   00652 已存在
2020-07-29 10:36:34,530 __main__   INFO   00653L 已存在
2020-07-29 10:36:34,531 __main__   INFO   00654R 已存在
2020-07-29 10:36:34,531 __main__   INFO   00655L 已存在
2020-07-29 10:36:34,531 __main__   INFO   00656R 已存在
2020-07-29 10:36:34,531 __main__   INFO   00657 已存在
2020-07-29 10:36:34,532 __main__   INFO   00657K 已存在
2020-07-29 10:36:34,532 __main__   INFO   00658L 已存在
2020-07-29 10:36:34,532 __main__   INFO   00659R 已存在
2020-07-29 10:36:34,532 __main__   INFO   00660 已存在
2020-07-29 10:36:34,533 __main__   INFO   00661 已存在
2020-07-29 10:36:34,533 __main__   INFO   00662 已存在
2020-07-29 10:36:34,533 __main__   INFO   00663L 已存在
2020-07-29 10:36:34,533 __main__   INFO   00664R 已存在
2020-07-29 10:36:34,534 __main__   INFO   00665L 已存在
2020-07-29 10:36:34,534 __main__   INFO   00666R 已存在
2020-07-29 10:36:34,534 __main__   INFO   00667 已存在
2020-07-29 10:36:34,534 __main__   INFO   00668 已存在
2020-07-29 10:36:34,535 __main__   INFO   00668K 已存在
2020-07-29 10:36:34,535 __main__   INFO   00669R 已存在
2020-07-29 10:36:34,535 __main__   INFO   00670L 已存在
2020-07-29 10:36:34,535 __main__   INFO   00671R 已存在
2020-07-29 10:36:34,535 __main__   INFO   00672L 已存在
2020-07-29 10:36:34,536 __main__   INFO   00673R 已存在
2020-07-29 10:36:34,536 __main__   INFO   00674R 已存在
2020-07-29 10:36:34,536 __main__   INFO   00675L 已存在
2020-07-29 10:36:34,536 __main__   INFO   00676R 已存在
2020-07-29 10:36:34,537 __main__   INFO   00677U 已存在
2020-07-29 10:36:34,537 __main__   INFO   00678 已存在
2020-07-29 10:36:34,537 __main__   INFO   00680L 已存在
2020-07-29 10:36:34,537 __main__   INFO   00681R 已存在
2020-07-29 10:36:34,538 __main__   INFO   00682U 已存在
2020-07-29 10:36:34,538 __main__   INFO   00683L 已存在
2020-07-29 10:36:34,538 __main__   INFO   00684R 已存在
2020-07-29 10:36:34,538 __main__   INFO   00685L 已存在
2020-07-29 10:36:34,539 __main__   INFO   00686R 已存在
2020-07-29 10:36:34,539 __main__   INFO   00688L 已存在
2020-07-29 10:36:34,539 __main__   INFO   00689R 已存在
2020-07-29 10:36:34,539 __main__   INFO   00690 已存在
2020-07-29 10:36:34,540 __main__   INFO   00691R 已存在
2020-07-29 10:36:34,540 __main__   INFO   00692 已存在
2020-07-29 10:36:34,540 __main__   INFO   00693U 已存在
2020-07-29 10:36:34,540 __main__   INFO   00698L 已存在
2020-07-29 10:36:34,540 __main__   INFO   00699R 已存在
2020-07-29 10:36:34,541 __main__   INFO   00700 已存在
2020-07-29 10:36:34,541 __main__   INFO   00701 已存在
2020-07-29 10:36:34,541 __main__   INFO   00702 已存在
2020-07-29 10:36:34,541 __main__   INFO   00703 已存在
2020-07-29 10:36:34,542 __main__   INFO   00704L 已存在
2020-07-29 10:36:34,542 __main__   INFO   00705R 已存在
2020-07-29 10:36:34,542 __main__   INFO   00706L 已存在
2020-07-29 10:36:34,542 __main__   INFO   00707R 已存在
2020-07-29 10:36:34,543 __main__   INFO   00708L 已存在
2020-07-29 10:36:34,543 __main__   INFO   00709 已存在
2020-07-29 10:36:34,543 __main__   INFO   00710B 已存在
2020-07-29 10:36:34,543 __main__   INFO   00711B 已存在
2020-07-29 10:36:34,544 __main__   INFO   00712 已存在
2020-07-29 10:36:34,544 __main__   INFO   00713 已存在
2020-07-29 10:36:34,544 __main__   INFO   00714 已存在
2020-07-29 10:36:34,544 __main__   INFO   00715L 已存在
2020-07-29 10:36:34,545 __main__   INFO   00716R 已存在
2020-07-29 10:36:34,545 __main__   INFO   00717 已存在
2020-07-29 10:36:34,545 __main__   INFO   00730 已存在
2020-07-29 10:36:34,545 __main__   INFO   008201 已存在
2020-07-29 10:36:34,545 __main__   INFO   01001T 已存在
2020-07-29 10:36:34,546 __main__   INFO   01002T 已存在
2020-07-29 10:36:34,546 __main__   INFO   01003T 已存在
2020-07-29 10:36:34,546 __main__   INFO   01004T 已存在
2020-07-29 10:36:34,546 __main__   INFO   01007T 已存在
2020-07-29 10:36:34,546 __main__   INFO   1101 已存在
2020-07-29 10:36:34,547 __main__   INFO   1102 已存在
2020-07-29 10:36:34,547 __main__   INFO   1103 已存在
2020-07-29 10:36:34,547 __main__   INFO   1104 已存在
2020-07-29 10:36:34,547 __main__   INFO   1108 已存在
2020-07-29 10:36:34,547 __main__   INFO   1109 已存在
2020-07-29 10:36:34,548 __main__   INFO   1110 已存在
2020-07-29 10:36:34,548 __main__   INFO   1201 已存在
2020-07-29 10:36:34,548 __main__   INFO   1203 已存在
2020-07-29 10:36:34,548 __main__   INFO   1210 已存在
2020-07-29 10:36:34,548 __main__   INFO   1213 已存在
2020-07-29 10:36:34,548 __main__   INFO   1215 已存在
2020-07-29 10:36:34,549 __main__   INFO   1216 已存在
2020-07-29 10:36:34,549 __main__   INFO   1217 已存在
2020-07-29 10:36:34,549 __main__   INFO   1218 已存在
2020-07-29 10:36:34,549 __main__   INFO   1219 已存在
2020-07-29 10:36:34,549 __main__   INFO   1220 已存在
2020-07-29 10:36:34,549 __main__   INFO   1225 已存在
2020-07-29 10:36:34,550 __main__   INFO   1227 已存在
2020-07-29 10:36:34,550 __main__   INFO   1229 已存在
2020-07-29 10:36:34,550 __main__   INFO   1231 已存在
2020-07-29 10:36:34,550 __main__   INFO   1232 已存在
2020-07-29 10:36:34,550 __main__   INFO   1233 已存在
2020-07-29 10:36:34,551 __main__   INFO   1234 已存在
2020-07-29 10:36:34,551 __main__   INFO   1235 已存在
2020-07-29 10:36:34,551 __main__   INFO   1236 已存在
2020-07-29 10:36:34,551 __main__   INFO   1256 已存在
2020-07-29 10:36:34,551 __main__   INFO   1262 已存在
2020-07-29 10:36:34,552 __main__   INFO   1301 已存在
2020-07-29 10:36:34,552 __main__   INFO   1303 已存在
2020-07-29 10:36:34,552 __main__   INFO   1304 已存在
2020-07-29 10:36:34,552 __main__   INFO   1305 已存在
2020-07-29 10:36:34,552 __main__   INFO   1307 已存在
2020-07-29 10:36:34,552 __main__   INFO   1308 已存在
2020-07-29 10:36:34,553 __main__   INFO   1309 已存在
2020-07-29 10:36:34,553 __main__   INFO   1310 已存在
2020-07-29 10:36:34,553 __main__   INFO   1312 已存在
2020-07-29 10:36:34,553 __main__   INFO   1312A 已存在
2020-07-29 10:36:34,553 __main__   INFO   1313 已存在
2020-07-29 10:36:34,554 __main__   INFO   1314 已存在
2020-07-29 10:36:34,554 __main__   INFO   1315 已存在
2020-07-29 10:36:34,554 __main__   INFO   1316 已存在
2020-07-29 10:36:34,554 __main__   INFO   1319 已存在
2020-07-29 10:36:34,554 __main__   INFO   1321 已存在
2020-07-29 10:36:34,554 __main__   INFO   1323 已存在
2020-07-29 10:36:34,555 __main__   INFO   1324 已存在
2020-07-29 10:36:34,555 __main__   INFO   1325 已存在
2020-07-29 10:36:34,555 __main__   INFO   1326 已存在
2020-07-29 10:36:34,555 __main__   INFO   1337 已存在
2020-07-29 10:36:34,556 __main__   INFO   1338 已存在
2020-07-29 10:36:34,556 __main__   INFO   1339 已存在
2020-07-29 10:36:34,556 __main__   INFO   1340 已存在
2020-07-29 10:36:34,556 __main__   INFO   1402 已存在
2020-07-29 10:36:34,556 __main__   INFO   1409 已存在
2020-07-29 10:36:34,556 __main__   INFO   1410 已存在
2020-07-29 10:36:34,557 __main__   INFO   1413 已存在
2020-07-29 10:36:34,557 __main__   INFO   1414 已存在
2020-07-29 10:36:34,557 __main__   INFO   1416 已存在
2020-07-29 10:36:34,557 __main__   INFO   1417 已存在
2020-07-29 10:36:34,557 __main__   INFO   1418 已存在
2020-07-29 10:36:34,558 __main__   INFO   1419 已存在
2020-07-29 10:36:34,558 __main__   INFO   1423 已存在
2020-07-29 10:36:34,558 __main__   INFO   1432 已存在
2020-07-29 10:36:34,558 __main__   INFO   1434 已存在
2020-07-29 10:36:34,558 __main__   INFO   1435 已存在
2020-07-29 10:36:34,558 __main__   INFO   1436 已存在
2020-07-29 10:36:34,559 __main__   INFO   1437 已存在
2020-07-29 10:36:34,559 __main__   INFO   1438 已存在
2020-07-29 10:36:34,559 __main__   INFO   1439 已存在
2020-07-29 10:36:34,559 __main__   INFO   1440 已存在
2020-07-29 10:36:34,559 __main__   INFO   1441 已存在
2020-07-29 10:36:34,560 __main__   INFO   1442 已存在
2020-07-29 10:36:34,560 __main__   INFO   1443 已存在
2020-07-29 10:36:34,560 __main__   INFO   1444 已存在
2020-07-29 10:36:34,560 __main__   INFO   1445 已存在
2020-07-29 10:36:34,560 __main__   INFO   1446 已存在
2020-07-29 10:36:34,560 __main__   INFO   1447 已存在
2020-07-29 10:36:34,561 __main__   INFO   1449 已存在
2020-07-29 10:36:34,561 __main__   INFO   1451 已存在
2020-07-29 10:36:34,561 __main__   INFO   1452 已存在
2020-07-29 10:36:34,561 __main__   INFO   1453 已存在
2020-07-29 10:36:34,561 __main__   INFO   1454 已存在
2020-07-29 10:36:34,562 __main__   INFO   1455 已存在
2020-07-29 10:36:34,562 __main__   INFO   1456 已存在
2020-07-29 10:36:34,562 __main__   INFO   1457 已存在
2020-07-29 10:36:34,562 __main__   INFO   1459 已存在
2020-07-29 10:36:34,562 __main__   INFO   1460 已存在
2020-07-29 10:36:34,562 __main__   INFO   1463 已存在
2020-07-29 10:36:34,563 __main__   INFO   1464 已存在
2020-07-29 10:36:34,563 __main__   INFO   1465 已存在
2020-07-29 10:36:34,563 __main__   INFO   1466 已存在
2020-07-29 10:36:34,563 __main__   INFO   1467 已存在
2020-07-29 10:36:34,563 __main__   INFO   1468 已存在
2020-07-29 10:36:34,564 __main__   INFO   1469 已存在
2020-07-29 10:36:34,564 __main__   INFO   1470 已存在
2020-07-29 10:36:34,564 __main__   INFO   1471 已存在
2020-07-29 10:36:34,564 __main__   INFO   1472 已存在
2020-07-29 10:36:34,565 __main__   INFO   1473 已存在
2020-07-29 10:36:34,565 __main__   INFO   1474 已存在
2020-07-29 10:36:34,565 __main__   INFO   1475 已存在
2020-07-29 10:36:34,565 __main__   INFO   1476 已存在
2020-07-29 10:36:34,565 __main__   INFO   1477 已存在
2020-07-29 10:36:34,565 __main__   INFO   1503 已存在
2020-07-29 10:36:34,566 __main__   INFO   1504 已存在
2020-07-29 10:36:34,566 __main__   INFO   1506 已存在
2020-07-29 10:36:34,566 __main__   INFO   1507 已存在
2020-07-29 10:36:34,566 __main__   INFO   1512 已存在
2020-07-29 10:36:34,566 __main__   INFO   1513 已存在
2020-07-29 10:36:34,567 __main__   INFO   1514 已存在
2020-07-29 10:36:34,567 __main__   INFO   1515 已存在
2020-07-29 10:36:34,567 __main__   INFO   1516 已存在
2020-07-29 10:36:34,567 __main__   INFO   1517 已存在
2020-07-29 10:36:34,567 __main__   INFO   1519 已存在
2020-07-29 10:36:34,567 __main__   INFO   1521 已存在
2020-07-29 10:36:34,568 __main__   INFO   1522 已存在
2020-07-29 10:36:34,568 __main__   INFO   1524 已存在
2020-07-29 10:36:34,568 __main__   INFO   1525 已存在
2020-07-29 10:36:34,568 __main__   INFO   1526 已存在
2020-07-29 10:36:34,568 __main__   INFO   1527 已存在
2020-07-29 10:36:34,568 __main__   INFO   1528 已存在
2020-07-29 10:36:34,569 __main__   INFO   1529 已存在
2020-07-29 10:36:34,569 __main__   INFO   1530 已存在
2020-07-29 10:36:34,569 __main__   INFO   1531 已存在
2020-07-29 10:36:34,569 __main__   INFO   1532 已存在
2020-07-29 10:36:34,569 __main__   INFO   1533 已存在
2020-07-29 10:36:34,569 __main__   INFO   1535 已存在
2020-07-29 10:36:34,570 __main__   INFO   1536 已存在
2020-07-29 10:36:34,570 __main__   INFO   1537 已存在
2020-07-29 10:36:34,570 __main__   INFO   1538 已存在
2020-07-29 10:36:34,570 __main__   INFO   1539 已存在
2020-07-29 10:36:34,570 __main__   INFO   1540 已存在
2020-07-29 10:36:34,571 __main__   INFO   1541 已存在
2020-07-29 10:36:34,571 __main__   INFO   1558 已存在
2020-07-29 10:36:34,571 __main__   INFO   1560 已存在
2020-07-29 10:36:34,571 __main__   INFO   1568 已存在
2020-07-29 10:36:34,571 __main__   INFO   1582 已存在
2020-07-29 10:36:34,571 __main__   INFO   1583 已存在
2020-07-29 10:36:34,572 __main__   INFO   1589 已存在
2020-07-29 10:36:34,572 __main__   INFO   1590 已存在
2020-07-29 10:36:34,572 __main__   INFO   1592 已存在
2020-07-29 10:36:34,572 __main__   INFO   1598 已存在
2020-07-29 10:36:34,572 __main__   INFO   1603 已存在
2020-07-29 10:36:34,573 __main__   INFO   1604 已存在
2020-07-29 10:36:34,573 __main__   INFO   1605 已存在
2020-07-29 10:36:34,573 __main__   INFO   1608 已存在
2020-07-29 10:36:34,573 __main__   INFO   1609 已存在
2020-07-29 10:36:34,573 __main__   INFO   1611 已存在
2020-07-29 10:36:34,573 __main__   INFO   1612 已存在
2020-07-29 10:36:34,574 __main__   INFO   1614 已存在
2020-07-29 10:36:34,574 __main__   INFO   1615 已存在
2020-07-29 10:36:34,574 __main__   INFO   1616 已存在
2020-07-29 10:36:34,574 __main__   INFO   1617 已存在
2020-07-29 10:36:34,574 __main__   INFO   1618 已存在
2020-07-29 10:36:34,574 __main__   INFO   1626 已存在
2020-07-29 10:36:34,575 __main__   INFO   1701 已存在
2020-07-29 10:36:34,575 __main__   INFO   1702 已存在
2020-07-29 10:36:34,575 __main__   INFO   1704 已存在
2020-07-29 10:36:34,575 __main__   INFO   1707 已存在
2020-07-29 10:36:34,575 __main__   INFO   1708 已存在
2020-07-29 10:36:34,575 __main__   INFO   1709 已存在
2020-07-29 10:36:34,576 __main__   INFO   1710 已存在
2020-07-29 10:36:34,576 __main__   INFO   1711 已存在
2020-07-29 10:36:34,576 __main__   INFO   1712 已存在
2020-07-29 10:36:34,576 __main__   INFO   1713 已存在
2020-07-29 10:36:34,576 __main__   INFO   1714 已存在
2020-07-29 10:36:34,577 __main__   INFO   1717 已存在
2020-07-29 10:36:34,577 __main__   INFO   1718 已存在
2020-07-29 10:36:34,577 __main__   INFO   1720 已存在
2020-07-29 10:36:34,577 __main__   INFO   1721 已存在
2020-07-29 10:36:34,577 __main__   INFO   1722 已存在
2020-07-29 10:36:34,577 __main__   INFO   1723 已存在
2020-07-29 10:36:34,578 __main__   INFO   1724 已存在
2020-07-29 10:36:34,578 __main__   INFO   1725 已存在
2020-07-29 10:36:34,578 __main__   INFO   1726 已存在
2020-07-29 10:36:34,578 __main__   INFO   1727 已存在
2020-07-29 10:36:34,578 __main__   INFO   1730 已存在
2020-07-29 10:36:34,578 __main__   INFO   1731 已存在
2020-07-29 10:36:34,579 __main__   INFO   1732 已存在
2020-07-29 10:36:34,579 __main__   INFO   1733 已存在
2020-07-29 10:36:34,579 __main__   INFO   1734 已存在
2020-07-29 10:36:34,579 __main__   INFO   1735 已存在
2020-07-29 10:36:34,579 __main__   INFO   1736 已存在
2020-07-29 10:36:34,580 __main__   INFO   1737 已存在
2020-07-29 10:36:34,580 __main__   INFO   1760 已存在
2020-07-29 10:36:34,580 __main__   INFO   1762 已存在
2020-07-29 10:36:34,580 __main__   INFO   1773 已存在
2020-07-29 10:36:34,580 __main__   INFO   1776 已存在
2020-07-29 10:36:34,580 __main__   INFO   1783 已存在
2020-07-29 10:36:34,581 __main__   INFO   1786 已存在
2020-07-29 10:36:34,581 __main__   INFO   1789 已存在
2020-07-29 10:36:34,581 __main__   INFO   1802 已存在
2020-07-29 10:36:34,581 __main__   INFO   1805 已存在
2020-07-29 10:36:34,581 __main__   INFO   1806 已存在
2020-07-29 10:36:34,581 __main__   INFO   1808 已存在
2020-07-29 10:36:34,582 __main__   INFO   1809 已存在
2020-07-29 10:36:34,582 __main__   INFO   1810 已存在
2020-07-29 10:36:34,582 __main__   INFO   1817 已存在
2020-07-29 10:36:34,582 __main__   INFO   1902 已存在
2020-07-29 10:36:34,582 __main__   INFO   1903 已存在
2020-07-29 10:36:34,582 __main__   INFO   1904 已存在
2020-07-29 10:36:34,583 __main__   INFO   1905 已存在
2020-07-29 10:36:34,583 __main__   INFO   1906 已存在
2020-07-29 10:36:34,583 __main__   INFO   1907 已存在
2020-07-29 10:36:34,583 __main__   INFO   1909 已存在
2020-07-29 10:36:34,583 __main__   INFO   2002 已存在
2020-07-29 10:36:34,583 __main__   INFO   2002A 已存在
2020-07-29 10:36:34,584 __main__   INFO   2006 已存在
2020-07-29 10:36:34,584 __main__   INFO   2007 已存在
2020-07-29 10:36:34,584 __main__   INFO   2008 已存在
2020-07-29 10:36:34,584 __main__   INFO   2009 已存在
2020-07-29 10:36:34,584 __main__   INFO   2010 已存在
2020-07-29 10:36:34,585 __main__   INFO   2012 已存在
2020-07-29 10:36:34,585 __main__   INFO   2013 已存在
2020-07-29 10:36:34,585 __main__   INFO   2014 已存在
2020-07-29 10:36:34,585 __main__   INFO   2015 已存在
2020-07-29 10:36:34,585 __main__   INFO   2017 已存在
2020-07-29 10:36:34,586 __main__   INFO   2020 已存在
2020-07-29 10:36:34,586 __main__   INFO   2022 已存在
2020-07-29 10:36:34,586 __main__   INFO   2023 已存在
2020-07-29 10:36:34,586 __main__   INFO   2024 已存在
2020-07-29 10:36:34,586 __main__   INFO   2025 已存在
2020-07-29 10:36:34,586 __main__   INFO   2027 已存在
2020-07-29 10:36:34,587 __main__   INFO   2028 已存在
2020-07-29 10:36:34,587 __main__   INFO   2029 已存在
2020-07-29 10:36:34,587 __main__   INFO   2030 已存在
2020-07-29 10:36:34,587 __main__   INFO   2031 已存在
2020-07-29 10:36:34,587 __main__   INFO   2032 已存在
2020-07-29 10:36:34,587 __main__   INFO   2033 已存在
2020-07-29 10:36:34,588 __main__   INFO   2034 已存在
2020-07-29 10:36:34,588 __main__   INFO   2038 已存在
2020-07-29 10:36:34,588 __main__   INFO   2049 已存在
2020-07-29 10:36:34,588 __main__   INFO   2059 已存在
2020-07-29 10:36:34,589 __main__   INFO   2062 已存在
2020-07-29 10:36:34,589 __main__   INFO   2069 已存在
2020-07-29 10:36:34,589 __main__   INFO   2101 已存在
2020-07-29 10:36:34,589 __main__   INFO   2102 已存在
2020-07-29 10:36:34,589 __main__   INFO   2103 已存在
2020-07-29 10:36:34,590 __main__   INFO   2104 已存在
2020-07-29 10:36:34,590 __main__   INFO   2105 已存在
2020-07-29 10:36:34,590 __main__   INFO   2106 已存在
2020-07-29 10:36:34,590 __main__   INFO   2107 已存在
2020-07-29 10:36:34,590 __main__   INFO   2108 已存在
2020-07-29 10:36:34,591 __main__   INFO   2109 已存在
2020-07-29 10:36:34,591 __main__   INFO   2114 已存在
2020-07-29 10:36:34,591 __main__   INFO   2115 已存在
2020-07-29 10:36:34,591 __main__   INFO   2201 已存在
2020-07-29 10:36:34,591 __main__   INFO   2204 已存在
2020-07-29 10:36:34,591 __main__   INFO   2206 已存在
2020-07-29 10:36:34,592 __main__   INFO   2207 已存在
2020-07-29 10:36:34,592 __main__   INFO   2208 已存在
2020-07-29 10:36:34,592 __main__   INFO   2227 已存在
2020-07-29 10:36:34,592 __main__   INFO   2228 已存在
2020-07-29 10:36:34,592 __main__   INFO   2231 已存在
2020-07-29 10:36:34,593 __main__   INFO   2236 已存在
2020-07-29 10:36:34,593 __main__   INFO   2239 已存在
2020-07-29 10:36:34,593 __main__   INFO   2243 已存在
2020-07-29 10:36:34,593 __main__   INFO   2301 已存在
2020-07-29 10:36:34,593 __main__   INFO   2302 已存在
2020-07-29 10:36:34,593 __main__   INFO   2303 已存在
2020-07-29 10:36:34,594 __main__   INFO   2305 已存在
2020-07-29 10:36:34,594 __main__   INFO   2308 已存在
2020-07-29 10:36:34,594 __main__   INFO   2311 已存在
2020-07-29 10:36:34,594 __main__   INFO   2312 已存在
2020-07-29 10:36:34,594 __main__   INFO   2313 已存在
2020-07-29 10:36:34,594 __main__   INFO   2314 已存在
2020-07-29 10:36:34,595 __main__   INFO   2316 已存在
2020-07-29 10:36:34,595 __main__   INFO   2317 已存在
2020-07-29 10:36:34,595 __main__   INFO   2321 已存在
2020-07-29 10:36:34,595 __main__   INFO   2323 已存在
2020-07-29 10:36:34,595 __main__   INFO   2324 已存在
2020-07-29 10:36:34,595 __main__   INFO   2325 已存在
2020-07-29 10:36:34,596 __main__   INFO   2327 已存在
2020-07-29 10:36:34,596 __main__   INFO   2328 已存在
2020-07-29 10:36:34,596 __main__   INFO   2329 已存在
2020-07-29 10:36:34,596 __main__   INFO   2330 已存在
2020-07-29 10:36:34,596 __main__   INFO   2331 已存在
2020-07-29 10:36:34,596 __main__   INFO   2332 已存在
2020-07-29 10:36:34,597 __main__   INFO   2337 已存在
2020-07-29 10:36:34,597 __main__   INFO   2338 已存在
2020-07-29 10:36:34,597 __main__   INFO   2340 已存在
2020-07-29 10:36:34,597 __main__   INFO   2342 已存在
2020-07-29 10:36:34,597 __main__   INFO   2344 已存在
2020-07-29 10:36:34,597 __main__   INFO   2345 已存在
2020-07-29 10:36:34,598 __main__   INFO   2347 已存在
2020-07-29 10:36:34,598 __main__   INFO   2348 已存在
2020-07-29 10:36:34,598 __main__   INFO   2349 已存在
2020-07-29 10:36:34,598 __main__   INFO   2351 已存在
2020-07-29 10:36:34,598 __main__   INFO   2352 已存在
2020-07-29 10:36:34,599 __main__   INFO   2353 已存在
2020-07-29 10:36:34,599 __main__   INFO   2354 已存在
2020-07-29 10:36:34,599 __main__   INFO   2355 已存在
2020-07-29 10:36:34,599 __main__   INFO   2356 已存在
2020-07-29 10:36:34,599 __main__   INFO   2357 已存在
2020-07-29 10:36:34,599 __main__   INFO   2358 已存在
2020-07-29 10:36:34,600 __main__   INFO   2359 已存在
2020-07-29 10:36:34,600 __main__   INFO   2360 已存在
2020-07-29 10:36:34,600 __main__   INFO   2362 已存在
2020-07-29 10:36:34,600 __main__   INFO   2363 已存在
2020-07-29 10:36:34,600 __main__   INFO   2364 已存在
2020-07-29 10:36:34,600 __main__   INFO   2365 已存在
2020-07-29 10:36:34,601 __main__   INFO   2367 已存在
2020-07-29 10:36:34,601 __main__   INFO   2368 已存在
2020-07-29 10:36:34,601 __main__   INFO   2369 已存在
2020-07-29 10:36:34,601 __main__   INFO   2371 已存在
2020-07-29 10:36:34,601 __main__   INFO   2373 已存在
2020-07-29 10:36:34,602 __main__   INFO   2374 已存在
2020-07-29 10:36:34,602 __main__   INFO   2375 已存在
2020-07-29 10:36:34,602 __main__   INFO   2376 已存在
2020-07-29 10:36:34,602 __main__   INFO   2377 已存在
2020-07-29 10:36:34,602 __main__   INFO   2379 已存在
2020-07-29 10:36:34,602 __main__   INFO   2380 已存在
2020-07-29 10:36:34,603 __main__   INFO   2382 已存在
2020-07-29 10:36:34,603 __main__   INFO   2383 已存在
2020-07-29 10:36:34,603 __main__   INFO   2385 已存在
2020-07-29 10:36:34,603 __main__   INFO   2387 已存在
2020-07-29 10:36:34,603 __main__   INFO   2388 已存在
2020-07-29 10:36:34,604 __main__   INFO   2390 已存在
2020-07-29 10:36:34,604 __main__   INFO   2392 已存在
2020-07-29 10:36:34,604 __main__   INFO   2393 已存在
2020-07-29 10:36:34,604 __main__   INFO   2395 已存在
2020-07-29 10:36:34,604 __main__   INFO   2397 已存在
2020-07-29 10:36:34,605 __main__   INFO   2399 已存在
2020-07-29 10:36:34,605 __main__   INFO   2401 已存在
2020-07-29 10:36:34,605 __main__   INFO   2402 已存在
2020-07-29 10:36:34,605 __main__   INFO   2404 已存在
2020-07-29 10:36:34,605 __main__   INFO   2405 已存在
2020-07-29 10:36:34,605 __main__   INFO   2406 已存在
2020-07-29 10:36:34,606 __main__   INFO   2408 已存在
2020-07-29 10:36:34,606 __main__   INFO   2409 已存在
2020-07-29 10:36:34,606 __main__   INFO   2412 已存在
2020-07-29 10:36:34,606 __main__   INFO   2413 已存在
2020-07-29 10:36:34,606 __main__   INFO   2414 已存在
2020-07-29 10:36:34,606 __main__   INFO   2415 已存在
2020-07-29 10:36:34,607 __main__   INFO   2417 已存在
2020-07-29 10:36:34,607 __main__   INFO   2419 已存在
2020-07-29 10:36:34,607 __main__   INFO   2420 已存在
2020-07-29 10:36:34,607 __main__   INFO   2421 已存在
2020-07-29 10:36:34,607 __main__   INFO   2423 已存在
2020-07-29 10:36:34,607 __main__   INFO   2424 已存在
2020-07-29 10:36:34,608 __main__   INFO   2425 已存在
2020-07-29 10:36:34,608 __main__   INFO   2426 已存在
2020-07-29 10:36:34,608 __main__   INFO   2427 已存在
2020-07-29 10:36:34,608 __main__   INFO   2428 已存在
2020-07-29 10:36:34,609 __main__   INFO   2429 已存在
2020-07-29 10:36:34,609 __main__   INFO   2430 已存在
2020-07-29 10:36:34,609 __main__   INFO   2431 已存在
2020-07-29 10:36:34,609 __main__   INFO   2433 已存在
2020-07-29 10:36:34,609 __main__   INFO   2434 已存在
2020-07-29 10:36:34,610 __main__   INFO   2436 已存在
2020-07-29 10:36:34,610 __main__   INFO   2438 已存在
2020-07-29 10:36:34,610 __main__   INFO   2439 已存在
2020-07-29 10:36:34,610 __main__   INFO   2440 已存在
2020-07-29 10:36:34,610 __main__   INFO   2441 已存在
2020-07-29 10:36:34,610 __main__   INFO   2442 已存在
2020-07-29 10:36:34,611 __main__   INFO   2443 已存在
2020-07-29 10:36:34,611 __main__   INFO   2444 已存在
2020-07-29 10:36:34,611 __main__   INFO   2448 已存在
2020-07-29 10:36:34,611 __main__   INFO   2449 已存在
2020-07-29 10:36:34,612 __main__   INFO   2450 已存在
2020-07-29 10:36:34,612 __main__   INFO   2451 已存在
2020-07-29 10:36:34,612 __main__   INFO   2453 已存在
2020-07-29 10:36:34,612 __main__   INFO   2454 已存在
2020-07-29 10:36:34,612 __main__   INFO   2455 已存在
2020-07-29 10:36:34,613 __main__   INFO   2456 已存在
2020-07-29 10:36:34,613 __main__   INFO   2457 已存在
2020-07-29 10:36:34,613 __main__   INFO   2458 已存在
2020-07-29 10:36:34,613 __main__   INFO   2459 已存在
2020-07-29 10:36:34,613 __main__   INFO   2460 已存在
2020-07-29 10:36:34,614 __main__   INFO   2461 已存在
2020-07-29 10:36:34,614 __main__   INFO   2462 已存在
2020-07-29 10:36:34,614 __main__   INFO   2464 已存在
2020-07-29 10:36:34,614 __main__   INFO   2465 已存在
2020-07-29 10:36:34,614 __main__   INFO   2466 已存在
2020-07-29 10:36:34,614 __main__   INFO   2467 已存在
2020-07-29 10:36:34,615 __main__   INFO   2468 已存在
2020-07-29 10:36:34,615 __main__   INFO   2471 已存在
2020-07-29 10:36:34,615 __main__   INFO   2472 已存在
2020-07-29 10:36:34,615 __main__   INFO   2474 已存在
2020-07-29 10:36:34,615 __main__   INFO   2475 已存在
2020-07-29 10:36:34,615 __main__   INFO   2476 已存在
2020-07-29 10:36:34,616 __main__   INFO   2477 已存在
2020-07-29 10:36:34,616 __main__   INFO   2478 已存在
2020-07-29 10:36:34,616 __main__   INFO   2480 已存在
2020-07-29 10:36:34,616 __main__   INFO   2481 已存在
2020-07-29 10:36:34,616 __main__   INFO   2482 已存在
2020-07-29 10:36:34,616 __main__   INFO   2483 已存在
2020-07-29 10:36:34,617 __main__   INFO   2484 已存在
2020-07-29 10:36:34,617 __main__   INFO   2485 已存在
2020-07-29 10:36:34,617 __main__   INFO   2486 已存在
2020-07-29 10:36:34,617 __main__   INFO   2488 已存在
2020-07-29 10:36:34,617 __main__   INFO   2489 已存在
2020-07-29 10:36:34,617 __main__   INFO   2491 已存在
2020-07-29 10:36:34,618 __main__   INFO   2492 已存在
2020-07-29 10:36:34,618 __main__   INFO   2493 已存在
2020-07-29 10:36:34,618 __main__   INFO   2495 已存在
2020-07-29 10:36:34,618 __main__   INFO   2496 已存在
2020-07-29 10:36:34,618 __main__   INFO   2497 已存在
2020-07-29 10:36:34,619 __main__   INFO   2498 已存在
2020-07-29 10:36:34,619 __main__   INFO   2499 已存在
2020-07-29 10:36:34,619 __main__   INFO   2501 已存在
2020-07-29 10:36:34,619 __main__   INFO   2504 已存在
2020-07-29 10:36:34,619 __main__   INFO   2505 已存在
2020-07-29 10:36:34,620 __main__   INFO   2506 已存在
2020-07-29 10:36:34,620 __main__   INFO   2509 已存在
2020-07-29 10:36:34,620 __main__   INFO   2511 已存在
2020-07-29 10:36:34,620 __main__   INFO   2514 已存在
2020-07-29 10:36:34,620 __main__   INFO   2515 已存在
2020-07-29 10:36:34,621 __main__   INFO   2516 已存在
2020-07-29 10:36:34,621 __main__   INFO   2520 已存在
2020-07-29 10:36:34,621 __main__   INFO   2524 已存在
2020-07-29 10:36:34,621 __main__   INFO   2527 已存在
2020-07-29 10:36:34,622 __main__   INFO   2528 已存在
2020-07-29 10:36:34,622 __main__   INFO   2530 已存在
2020-07-29 10:36:34,622 __main__   INFO   2534 已存在
2020-07-29 10:36:34,622 __main__   INFO   2535 已存在
2020-07-29 10:36:34,623 __main__   INFO   2536 已存在
2020-07-29 10:36:34,623 __main__   INFO   2537 已存在
2020-07-29 10:36:34,623 __main__   INFO   2538 已存在
2020-07-29 10:36:34,623 __main__   INFO   2539 已存在
2020-07-29 10:36:34,623 __main__   INFO   2540 已存在
2020-07-29 10:36:34,624 __main__   INFO   2542 已存在
2020-07-29 10:36:34,624 __main__   INFO   2543 已存在
2020-07-29 10:36:34,624 __main__   INFO   2545 已存在
2020-07-29 10:36:34,624 __main__   INFO   2546 已存在
2020-07-29 10:36:34,624 __main__   INFO   2547 已存在
2020-07-29 10:36:34,625 __main__   INFO   2548 已存在
2020-07-29 10:36:34,625 __main__   INFO   2597 已存在
2020-07-29 10:36:34,625 __main__   INFO   2601 已存在
2020-07-29 10:36:34,625 __main__   INFO   2603 已存在
2020-07-29 10:36:34,625 __main__   INFO   2605 已存在
2020-07-29 10:36:34,626 __main__   INFO   2606 已存在
2020-07-29 10:36:34,626 __main__   INFO   2607 已存在
2020-07-29 10:36:34,626 __main__   INFO   2608 已存在
2020-07-29 10:36:34,626 __main__   INFO   2609 已存在
2020-07-29 10:36:34,626 __main__   INFO   2610 已存在
2020-07-29 10:36:34,626 __main__   INFO   2611 已存在
2020-07-29 10:36:34,627 __main__   INFO   2612 已存在
2020-07-29 10:36:34,627 __main__   INFO   2613 已存在
2020-07-29 10:36:34,627 __main__   INFO   2614 已存在
2020-07-29 10:36:34,627 __main__   INFO   2615 已存在
2020-07-29 10:36:34,627 __main__   INFO   2616 已存在
2020-07-29 10:36:34,627 __main__   INFO   2617 已存在
2020-07-29 10:36:34,628 __main__   INFO   2618 已存在
2020-07-29 10:36:34,628 __main__   INFO   2630 已存在
2020-07-29 10:36:34,628 __main__   INFO   2633 已存在
2020-07-29 10:36:34,628 __main__   INFO   2634 已存在
2020-07-29 10:36:34,628 __main__   INFO   2636 已存在
2020-07-29 10:36:34,629 __main__   INFO   2637 已存在
2020-07-29 10:36:34,629 __main__   INFO   2642 已存在
2020-07-29 10:36:34,629 __main__   INFO   2701 已存在
2020-07-29 10:36:34,629 __main__   INFO   2702 已存在
2020-07-29 10:36:34,629 __main__   INFO   2704 已存在
2020-07-29 10:36:34,629 __main__   INFO   2705 已存在
2020-07-29 10:36:34,630 __main__   INFO   2706 已存在
2020-07-29 10:36:34,630 __main__   INFO   2707 已存在
2020-07-29 10:36:34,630 __main__   INFO   2712 已存在
2020-07-29 10:36:34,630 __main__   INFO   2722 已存在
2020-07-29 10:36:34,630 __main__   INFO   2723 已存在
2020-07-29 10:36:34,631 __main__   INFO   2727 已存在
2020-07-29 10:36:34,631 __main__   INFO   2731 已存在
2020-07-29 10:36:34,631 __main__   INFO   2739 已存在
2020-07-29 10:36:34,631 __main__   INFO   2748 已存在
2020-07-29 10:36:34,632 __main__   INFO   2801 已存在
2020-07-29 10:36:34,632 __main__   INFO   2809 已存在
2020-07-29 10:36:34,632 __main__   INFO   2812 已存在
2020-07-29 10:36:34,632 __main__   INFO   2816 已存在
2020-07-29 10:36:34,633 __main__   INFO   2820 已存在
2020-07-29 10:36:34,633 __main__   INFO   2823 已存在
2020-07-29 10:36:34,633 __main__   INFO   2832 已存在
2020-07-29 10:36:34,634 __main__   INFO   2834 已存在
2020-07-29 10:36:34,634 __main__   INFO   2836 已存在
2020-07-29 10:36:34,635 __main__   INFO   2838 已存在
2020-07-29 10:36:34,635 __main__   INFO   2838A 已存在
2020-07-29 10:36:34,636 __main__   INFO   2841 已存在
2020-07-29 10:36:34,636 __main__   INFO   2845 已存在
2020-07-29 10:36:34,636 __main__   INFO   2849 已存在
2020-07-29 10:36:34,636 __main__   INFO   2850 已存在
2020-07-29 10:36:34,637 __main__   INFO   2851 已存在
2020-07-29 10:36:34,637 __main__   INFO   2852 已存在
2020-07-29 10:36:34,637 __main__   INFO   2855 已存在
2020-07-29 10:36:34,637 __main__   INFO   2856 已存在
2020-07-29 10:36:34,637 __main__   INFO   2867 已存在
2020-07-29 10:36:34,637 __main__   INFO   2880 已存在
2020-07-29 10:36:34,638 __main__   INFO   2881 已存在
2020-07-29 10:36:34,638 __main__   INFO   2881A 已存在
2020-07-29 10:36:34,639 __main__   INFO   2882 已存在
2020-07-29 10:36:34,639 __main__   INFO   2882A 已存在
2020-07-29 10:36:34,639 __main__   INFO   2883 已存在
2020-07-29 10:36:34,639 __main__   INFO   2884 已存在
2020-07-29 10:36:34,639 __main__   INFO   2885 已存在
2020-07-29 10:36:34,640 __main__   INFO   2886 已存在
2020-07-29 10:36:34,640 __main__   INFO   2887 已存在
2020-07-29 10:36:34,640 __main__   INFO   2887E 已存在
2020-07-29 10:36:34,640 __main__   INFO   2888 已存在
2020-07-29 10:36:34,641 __main__   INFO   2889 已存在
2020-07-29 10:36:34,641 __main__   INFO   2890 已存在
2020-07-29 10:36:34,641 __main__   INFO   2891 已存在
